<?xml version="1.0" encoding="UTF-8"?>
<testsuite name="com.sp.fc.Test1" tests="1" skipped="0" failures="0" errors="0" timestamp="2022-12-14T08:35:20" hostname="DESKTOP-SM8MLLP" time="0.02">
  <properties/>
  <testcase name="1. 테스트" classname="com.sp.fc.Test1" time="0.02"/>
  <system-out><![CDATA[]]></system-out>
  <system-err><![CDATA[]]></system-err>
</testsuite>
